Unity Editor version:    2021.3.17f1 (3e8111cac19d)
Branch:                  2021.3/release
Build type:              Release
Batch mode:              YES
macOS version:           Version 13.0 (Build 22A5352e)
Darwin version:          22.1.0
Architecture:            arm64
Running under Rosetta:   NO
Available memory:        16384 MB
Using pre-set license
Pro License: YES

COMMAND LINE ARGUMENTS:
/Applications/Unity/Hub/Editor/2021.3.17f1/Unity.app/Contents/MacOS/Unity
-adb2
-batchMode
-noUpm
-name
AssetImportWorker0
-projectPath
/Users/sergei/teachmeskills/MyFirstProject
-logFile
Logs/AssetImportWorker0.log
-srvPort
63702
Successfully changed project path to: /Users/sergei/teachmeskills/MyFirstProject
/Users/sergei/teachmeskills/MyFirstProject
[UnityMemory] Configuration Parameters - Can be set up in boot.config
    "memorysetup-bucket-allocator-granularity=16"
    "memorysetup-bucket-allocator-bucket-count=8"
    "memorysetup-bucket-allocator-block-size=33554432"
    "memorysetup-bucket-allocator-block-count=8"
    "memorysetup-main-allocator-block-size=16777216"
    "memorysetup-thread-allocator-block-size=16777216"
    "memorysetup-gfx-main-allocator-block-size=16777216"
    "memorysetup-gfx-thread-allocator-block-size=16777216"
    "memorysetup-cache-allocator-block-size=4194304"
    "memorysetup-typetree-allocator-block-size=2097152"
    "memorysetup-profiler-bucket-allocator-granularity=16"
    "memorysetup-profiler-bucket-allocator-bucket-count=8"
    "memorysetup-profiler-bucket-allocator-block-size=33554432"
    "memorysetup-profiler-bucket-allocator-block-count=8"
    "memorysetup-profiler-allocator-block-size=16777216"
    "memorysetup-profiler-editor-allocator-block-size=1048576"
    "memorysetup-temp-allocator-size-main=16777216"
    "memorysetup-job-temp-allocator-block-size=2097152"
    "memorysetup-job-temp-allocator-block-size-background=1048576"
    "memorysetup-job-temp-allocator-reduction-small-platforms=262144"
    "memorysetup-temp-allocator-size-background-worker=32768"
    "memorysetup-temp-allocator-size-job-worker=262144"
    "memorysetup-temp-allocator-size-preload-manager=33554432"
    "memorysetup-temp-allocator-size-nav-mesh-worker=65536"
    "memorysetup-temp-allocator-size-audio-worker=65536"
    "memorysetup-temp-allocator-size-cloud-worker=32768"
    "memorysetup-temp-allocator-size-gi-baking-worker=262144"
    "memorysetup-temp-allocator-size-gfx=262144"
Player connection [8642500224] Host "[IP] 192.168.1.167 [Port] 0 [Flags] 2 [Guid] 2389391964 [EditorId] 2389391964 [Version] 1048832 [Id] OSXEditor(0,MacBook-Pro.lan) [Debug] 1 [PackageName] OSXEditor [ProjectName] Editor" joined multi-casting on [225.0.0.222:54997]...

Player connection [8642500224] Host "[IP] 192.168.1.167 [Port] 0 [Flags] 2 [Guid] 2389391964 [EditorId] 2389391964 [Version] 1048832 [Id] OSXEditor(0,MacBook-Pro.lan) [Debug] 1 [PackageName] OSXEditor [ProjectName] Editor" joined alternative multi-casting on [225.0.0.222:34997]...

Refreshing native plugins compatible for Editor in 69.14 ms, found 2 plugins.
Preloading 0 native plugins for Editor in 0.00 ms.
Initialize engine version: 2021.3.17f1 (3e8111cac19d)
[Subsystems] Discovering subsystems at path /Applications/Unity/Hub/Editor/2021.3.17f1/Unity.app/Contents/Resources/UnitySubsystems
[Subsystems] Discovering subsystems at path /Users/sergei/teachmeskills/MyFirstProject/Assets
GfxDevice: creating device client; threaded=0; jobified=0
 preferred device: Apple M1 Pro (high power)
Metal devices available: 1
0: Apple M1 Pro (high power)
Using device Apple M1 Pro (high power)
Initializing Metal device caps: Apple M1 Pro
Initialize mono
Mono path[0] = '/Applications/Unity/Hub/Editor/2021.3.17f1/Unity.app/Contents/Managed'
Mono path[1] = '/Applications/Unity/Hub/Editor/2021.3.17f1/Unity.app/Contents/MonoBleedingEdge/lib/mono/unityjit-macos'
Mono config path = '/Applications/Unity/Hub/Editor/2021.3.17f1/Unity.app/Contents/MonoBleedingEdge/etc'
Using monoOptions --debugger-agent=transport=dt_socket,embedding=1,server=y,suspend=n,address=127.0.0.1:56686
Begin MonoManager ReloadAssembly
Registering precompiled unity dll's ...
Register platform support module: /Applications/Unity/Hub/Editor/2021.3.17f1/Unity.app/Contents/PlaybackEngines/MacStandaloneSupport/UnityEditor.OSXStandalone.Extensions.dll
Register platform support module: /Applications/Unity/Hub/Editor/2021.3.17f1/PlaybackEngines/AndroidPlayer/UnityEditor.Android.Extensions.dll
Registered in 0.002459 seconds.
Native extension for Android target not found
Android Extension - Scanning For ADB Devices 96 ms
Native extension for OSXStandalone target not found
Refreshing native plugins compatible for Editor in 71.01 ms, found 2 plugins.
Preloading 0 native plugins for Editor in 0.00 ms.
Mono: successfully reloaded assembly
- Completed reload, in  0.591 seconds
Domain Reload Profiling:
	ReloadAssembly (591ms)
		BeginReloadAssembly (60ms)
			ExecutionOrderSort (0ms)
			DisableScriptedObjects (0ms)
			BackupInstance (0ms)
			ReleaseScriptingObjects (0ms)
			CreateAndSetChildDomain (0ms)
		EndReloadAssembly (452ms)
			LoadAssemblies (61ms)
			RebuildTransferFunctionScriptingTraits (0ms)
			SetupTypeCache (85ms)
			ReleaseScriptCaches (0ms)
			RebuildScriptCaches (26ms)
			SetupLoadedEditorAssemblies (310ms)
				LogAssemblyErrors (0ms)
				InitializePlatformSupportModulesInManaged (159ms)
				SetLoadedEditorAssemblies (0ms)
				RefreshPlugins (71ms)
				BeforeProcessingInitializeOnLoad (1ms)
				ProcessInitializeOnLoadAttributes (53ms)
				ProcessInitializeOnLoadMethodAttributes (26ms)
				AfterProcessingInitializeOnLoad (0ms)
				EditorAssembliesLoaded (0ms)
			ExecutionOrderSort2 (0ms)
			AwakeInstancesAfterBackupRestoration (0ms)
Platform modules already initialized, skipping
Registering precompiled user dll's ...
Registered in 0.001854 seconds.
Begin MonoManager ReloadAssembly
Symbol file LoadedFromMemory doesn't match image /Users/sergei/teachmeskills/MyFirstProject/Library/PackageCache/com.unity.visualscripting@1.8.0/Editor/VisualScripting.Core/Dependencies/YamlDotNet/Unity.VisualScripting.YamlDotNet.dll
Symbol file LoadedFromMemory doesn't match image /Users/sergei/teachmeskills/MyFirstProject/Library/PackageCache/com.unity.visualscripting@1.8.0/Editor/VisualScripting.Core/Dependencies/DotNetZip/Unity.VisualScripting.IonicZip.dll
Native extension for Android target not found
Native extension for OSXStandalone target not found
Refreshing native plugins compatible for Editor in 0.41 ms, found 2 plugins.
Preloading 0 native plugins for Editor in 0.00 ms.
Mono: successfully reloaded assembly
- Completed reload, in  0.721 seconds
Domain Reload Profiling:
	ReloadAssembly (721ms)
		BeginReloadAssembly (62ms)
			ExecutionOrderSort (0ms)
			DisableScriptedObjects (3ms)
			BackupInstance (0ms)
			ReleaseScriptingObjects (0ms)
			CreateAndSetChildDomain (16ms)
		EndReloadAssembly (580ms)
			LoadAssemblies (44ms)
			RebuildTransferFunctionScriptingTraits (0ms)
			SetupTypeCache (213ms)
			ReleaseScriptCaches (0ms)
			RebuildScriptCaches (43ms)
			SetupLoadedEditorAssemblies (223ms)
				LogAssemblyErrors (0ms)
				InitializePlatformSupportModulesInManaged (10ms)
				SetLoadedEditorAssemblies (0ms)
				RefreshPlugins (0ms)
				BeforeProcessingInitializeOnLoad (61ms)
				ProcessInitializeOnLoadAttributes (136ms)
				ProcessInitializeOnLoadMethodAttributes (14ms)
				AfterProcessingInitializeOnLoad (1ms)
				EditorAssembliesLoaded (0ms)
			ExecutionOrderSort2 (0ms)
			AwakeInstancesAfterBackupRestoration (2ms)
Platform modules already initialized, skipping
========================================================================
Worker process is ready to serve import requests
Launching external process: /Applications/Unity/Hub/Editor/2021.3.17f1/Unity.app/Contents/Tools/UnityShaderCompiler
Launched and connected shader compiler UnityShaderCompiler after 0.05 seconds
Refreshing native plugins compatible for Editor in 0.42 ms, found 2 plugins.
Preloading 0 native plugins for Editor in 0.00 ms.
Unloading 3383 Unused Serialized files (Serialized files now loaded: 0)
Unloading 26 unused Assets / (65.5 KB). Loaded Objects now: 3844.
Memory consumption went from 111.2 MB to 111.1 MB.
Total: 2.507209 ms (FindLiveObjects: 0.131792 ms CreateObjectMapping: 0.060625 ms MarkObjects: 2.252750 ms  DeleteObjects: 0.061375 ms)

AssetImportParameters requested are different than current active one (requested -> active):
  custom:video-decoder-ogg-theora: a1e56fd34408186e4bbccfd4996cb3dc -> 
  custom:container-muxer-webm: aa71ff27fc2769a1b78a27578f13a17b -> 
  custom:container-demuxer-webm: 4f35f7cbe854078d1ac9338744f61a02 -> 
  custom:video-encoder-webm-vp8: eb34c28f22e8b96e1ab97ce403110664 -> 
  custom:framework-osx-AVFoundation: e770b220cccbd017edd2c1fefb359320 -> 
  custom:audio-encoder-webm-vorbis: bf7c407c2cedff20999df2af8eb42d56 -> 
  custom:container-demuxer-ogg: 62fdf1f143b41e24485cea50d1cbac27 -> 
  custom:video-decoder-webm-vp8: 9c59270c3fd7afecdb556c50c9e8de78 -> 
  custom:audio-decoder-ogg-vorbis: bf7c407c2cedff20999df2af8eb42d56 -> 
========================================================================
Received Import Request.
  Time since last request: 3312853.340552 seconds.
  path: Assets/Prefabs/Горизонтальная палка.prefab
  artifactKey: Guid(abaa118e698a5264ba093dcf285fda0e) Importer(815301076,1909f56bfc062723c751e8b465ee728b)
Start importing Assets/Prefabs/Горизонтальная палка.prefab using Guid(abaa118e698a5264ba093dcf285fda0e) Importer(815301076,1909f56bfc062723c751e8b465ee728b)  -> (artifact id: '16c65abff611e6e196c417611e72ae0b') in 0.246702 seconds 
========================================================================
Received Import Request.
  Time since last request: 13.565290 seconds.
  path: Assets/Prefabs/variant.prefab
  artifactKey: Guid(55995a4a4a90f43cea86f58e69a08bd4) Importer(815301076,1909f56bfc062723c751e8b465ee728b)
Start importing Assets/Prefabs/variant.prefab using Guid(55995a4a4a90f43cea86f58e69a08bd4) Importer(815301076,1909f56bfc062723c751e8b465ee728b)  -> (artifact id: 'd306c5fd853b7a63f204340b06155f17') in 0.052074 seconds 
========================================================================
Received Import Request.
  Time since last request: 2.034581 seconds.
  path: Assets/Prefabs/Piller Variant.prefab
  artifactKey: Guid(84a8adf44f3b44a2c9a2b9bbe021bb91) Importer(815301076,1909f56bfc062723c751e8b465ee728b)
Start importing Assets/Prefabs/Piller Variant.prefab using Guid(84a8adf44f3b44a2c9a2b9bbe021bb91) Importer(815301076,1909f56bfc062723c751e8b465ee728b)  -> (artifact id: '56408bca0735a98e0f0d1425ee28449c') in 0.006188 seconds 
========================================================================
Received Import Request.
  Time since last request: 0.000062 seconds.
  path: Assets/Prefabs/prefabOne.prefab
  artifactKey: Guid(20ebeeca5907e43e28e9a3c1f3cd1262) Importer(815301076,1909f56bfc062723c751e8b465ee728b)
Start importing Assets/Prefabs/prefabOne.prefab using Guid(20ebeeca5907e43e28e9a3c1f3cd1262) Importer(815301076,1909f56bfc062723c751e8b465ee728b)  -> (artifact id: '3da4fddd2747ed5ba1bae819d8f905c5') in 0.041338 seconds 
========================================================================
Received Import Request.
  Time since last request: 0.000051 seconds.
  path: Assets/Prefabs/House.prefab
  artifactKey: Guid(e5043fa76daad4c8181e507cb25eaee9) Importer(815301076,1909f56bfc062723c751e8b465ee728b)
Start importing Assets/Prefabs/House.prefab using Guid(e5043fa76daad4c8181e507cb25eaee9) Importer(815301076,1909f56bfc062723c751e8b465ee728b)  -> (artifact id: 'c5e325ef35353e98641ef4c73e90622c') in 0.007570 seconds 
========================================================================
Received Import Request.
  Time since last request: 0.000036 seconds.
  path: Assets/Prefabs/GameObject (prefabs).prefab
  artifactKey: Guid(9d3a58db412a44d4a90c7f6b16b39b57) Importer(815301076,1909f56bfc062723c751e8b465ee728b)
Start importing Assets/Prefabs/GameObject (prefabs).prefab using Guid(9d3a58db412a44d4a90c7f6b16b39b57) Importer(815301076,1909f56bfc062723c751e8b465ee728b)  -> (artifact id: '11060539a2d370be18a423887242f608') in 0.030825 seconds 
========================================================================
Received Import Request.
  Time since last request: 0.060623 seconds.
  path: Assets/Prefabs/bench 1.prefab
  artifactKey: Guid(de8a0717dbed84fd590ebc5862f39744) Importer(815301076,1909f56bfc062723c751e8b465ee728b)
Start importing Assets/Prefabs/bench 1.prefab using Guid(de8a0717dbed84fd590ebc5862f39744) Importer(815301076,1909f56bfc062723c751e8b465ee728b)  -> (artifact id: 'af5c7da61b8371a40f532789b7a89391') in 0.005832 seconds 
========================================================================
Received Import Request.
  Time since last request: 12.783535 seconds.
  path: Assets/Materials/Brick1.mat
  artifactKey: Guid(d1a079066d7c6f84790450c9f280cf37) Importer(815301076,1909f56bfc062723c751e8b465ee728b)
Start importing Assets/Materials/Brick1.mat using Guid(d1a079066d7c6f84790450c9f280cf37) Importer(815301076,1909f56bfc062723c751e8b465ee728b)  -> (artifact id: 'b99568f5c5c2dba422a050e7e1ca0e3e') in 0.084592 seconds 
========================================================================
Received Import Request.
  Time since last request: 0.000044 seconds.
  path: Assets/Materials/red.mat
  artifactKey: Guid(4d9b6ab5361661548a2dfda69daac355) Importer(815301076,1909f56bfc062723c751e8b465ee728b)
Start importing Assets/Materials/red.mat using Guid(4d9b6ab5361661548a2dfda69daac355) Importer(815301076,1909f56bfc062723c751e8b465ee728b)  -> (artifact id: '2f046f7397f76345e5bade8762c56cd2') in 0.005474 seconds 
========================================================================
Received Import Request.
  Time since last request: 0.000069 seconds.
  path: Assets/Materials/Wall.mat
  artifactKey: Guid(1bf76dea2e0e63a4f9e5a2286551808a) Importer(815301076,1909f56bfc062723c751e8b465ee728b)
Start importing Assets/Materials/Wall.mat using Guid(1bf76dea2e0e63a4f9e5a2286551808a) Importer(815301076,1909f56bfc062723c751e8b465ee728b)  -> (artifact id: 'c5122ff71b653ba8ca3c47ff0a37666e') in 0.007376 seconds 
========================================================================
Received Import Request.
  Time since last request: 0.000058 seconds.
  path: Assets/Materials/Sand.mat
  artifactKey: Guid(676c5522524664386b4a575e7cf9a4d9) Importer(815301076,1909f56bfc062723c751e8b465ee728b)
Start importing Assets/Materials/Sand.mat using Guid(676c5522524664386b4a575e7cf9a4d9) Importer(815301076,1909f56bfc062723c751e8b465ee728b)  -> (artifact id: '025a60b0a94253f2bffef8fa8373ba72') in 0.013231 seconds 
========================================================================
Received Import Request.
  Time since last request: 0.000075 seconds.
  path: Assets/Materials/Grass color.mat
  artifactKey: Guid(b5ae25e348d1faa4a8f80792ba9a4bd9) Importer(815301076,1909f56bfc062723c751e8b465ee728b)
Start importing Assets/Materials/Grass color.mat using Guid(b5ae25e348d1faa4a8f80792ba9a4bd9) Importer(815301076,1909f56bfc062723c751e8b465ee728b)  -> (artifact id: 'f481f740435117388e8cf77c6b7ec398') in 0.005012 seconds 
========================================================================
Received Import Request.
  Time since last request: 0.000051 seconds.
  path: Assets/Materials/New Material.mat
  artifactKey: Guid(ca4a97f4f55206d438afc43619677a59) Importer(815301076,1909f56bfc062723c751e8b465ee728b)
Start importing Assets/Materials/New Material.mat using Guid(ca4a97f4f55206d438afc43619677a59) Importer(815301076,1909f56bfc062723c751e8b465ee728b)  -> (artifact id: 'dffffcf87a33726150bb4366af7d4310') in 0.008518 seconds 
========================================================================
Received Import Request.
  Time since last request: 0.000040 seconds.
  path: Assets/Materials/Grass.mat
  artifactKey: Guid(593fabaafa4b3564aac057688fc4779c) Importer(815301076,1909f56bfc062723c751e8b465ee728b)
Start importing Assets/Materials/Grass.mat using Guid(593fabaafa4b3564aac057688fc4779c) Importer(815301076,1909f56bfc062723c751e8b465ee728b)  -> (artifact id: '6255e6fb60077b00cc224e2de200f70f') in 0.008392 seconds 
========================================================================
Received Import Request.
  Time since last request: 0.000042 seconds.
  path: Assets/Materials/Sand2.mat
  artifactKey: Guid(048b0aba4c4354da29af300d2632239a) Importer(815301076,1909f56bfc062723c751e8b465ee728b)
Start importing Assets/Materials/Sand2.mat using Guid(048b0aba4c4354da29af300d2632239a) Importer(815301076,1909f56bfc062723c751e8b465ee728b)  -> (artifact id: '693748d4bd86ed7f9a8b46ab684d603d') in 0.008100 seconds 
========================================================================
Received Import Request.
  Time since last request: 0.000039 seconds.
  path: Assets/Materials/Iron.mat
  artifactKey: Guid(578810c5f99f80947b46ccb191e242b1) Importer(815301076,1909f56bfc062723c751e8b465ee728b)
Start importing Assets/Materials/Iron.mat using Guid(578810c5f99f80947b46ccb191e242b1) Importer(815301076,1909f56bfc062723c751e8b465ee728b)  -> (artifact id: '46012525d8e5564f378fc8d64d0bee98') in 0.008920 seconds 
========================================================================
Received Import Request.
  Time since last request: 0.000050 seconds.
  path: Assets/Materials/stone.mat
  artifactKey: Guid(665951d8339544ef3b501040a61cad5c) Importer(815301076,1909f56bfc062723c751e8b465ee728b)
Start importing Assets/Materials/stone.mat using Guid(665951d8339544ef3b501040a61cad5c) Importer(815301076,1909f56bfc062723c751e8b465ee728b)  -> (artifact id: '6203ec35f0adbbde9ff194feb73bf013') in 0.007744 seconds 
========================================================================
Received Import Request.
  Time since last request: 0.000044 seconds.
  path: Assets/Materials/grey.mat
  artifactKey: Guid(6e0b31afc480e4f4dab4de8ffff1e7aa) Importer(815301076,1909f56bfc062723c751e8b465ee728b)
Start importing Assets/Materials/grey.mat using Guid(6e0b31afc480e4f4dab4de8ffff1e7aa) Importer(815301076,1909f56bfc062723c751e8b465ee728b)  -> (artifact id: 'fa3c0a39a361a9d00864f82ae2fb0e65') in 0.011372 seconds 
========================================================================
Received Import Request.
  Time since last request: 0.905745 seconds.
  path: Assets/Materials/aeb478b2d436faeb497b609f6fea2be1.jpg
  artifactKey: Guid(75b1bcf54fbfdb442a571a529d041b4c) Importer(815301076,1909f56bfc062723c751e8b465ee728b)
Start importing Assets/Materials/aeb478b2d436faeb497b609f6fea2be1.jpg using Guid(75b1bcf54fbfdb442a571a529d041b4c) Importer(815301076,1909f56bfc062723c751e8b465ee728b)  -> (artifact id: '3eec9af6a25d7b60ef575ae606d7daff') in 0.098418 seconds 
========================================================================
Received Import Request.
  Time since last request: 86.929520 seconds.
  path: Assets/Materials/brownishyellow.mat
  artifactKey: Guid(0e732d5c1a1bd754fb3a27ccf1675144) Importer(815301076,1909f56bfc062723c751e8b465ee728b)
Start importing Assets/Materials/brownishyellow.mat using Guid(0e732d5c1a1bd754fb3a27ccf1675144) Importer(815301076,1909f56bfc062723c751e8b465ee728b)  -> (artifact id: '983731f4b3a47981387a488042a9e7b1') in 0.074459 seconds 
========================================================================
Received Import Request.
  Time since last request: 4.913536 seconds.
  path: Assets/Prefabs/Pillar_ Variant.prefab
  artifactKey: Guid(c00f728afa648f5428c3c06823aa45e0) Importer(815301076,1909f56bfc062723c751e8b465ee728b)
Start importing Assets/Prefabs/Pillar_ Variant.prefab using Guid(c00f728afa648f5428c3c06823aa45e0) Importer(815301076,1909f56bfc062723c751e8b465ee728b)  -> (artifact id: '40e5e6af2f380cb8e0b633473816ff34') in 0.007990 seconds 
========================================================================
Received Prepare
Registering precompiled user dll's ...
Registered in 0.001722 seconds.
Begin MonoManager ReloadAssembly
Thread 0x2ab4c7000 may have been prematurely finalized
Symbol file LoadedFromMemory doesn't match image /Users/sergei/teachmeskills/MyFirstProject/Library/PackageCache/com.unity.visualscripting@1.8.0/Editor/VisualScripting.Core/Dependencies/YamlDotNet/Unity.VisualScripting.YamlDotNet.dll
Symbol file LoadedFromMemory doesn't match image /Users/sergei/teachmeskills/MyFirstProject/Library/PackageCache/com.unity.visualscripting@1.8.0/Editor/VisualScripting.Core/Dependencies/DotNetZip/Unity.VisualScripting.IonicZip.dll
Native extension for Android target not found
Native extension for OSXStandalone target not found
Refreshing native plugins compatible for Editor in 0.50 ms, found 2 plugins.
Preloading 0 native plugins for Editor in 0.00 ms.
Mono: successfully reloaded assembly
- Completed reload, in  0.768 seconds
Domain Reload Profiling:
	ReloadAssembly (769ms)
		BeginReloadAssembly (121ms)
			ExecutionOrderSort (0ms)
			DisableScriptedObjects (10ms)
			BackupInstance (0ms)
			ReleaseScriptingObjects (0ms)
			CreateAndSetChildDomain (46ms)
		EndReloadAssembly (573ms)
			LoadAssemblies (49ms)
			RebuildTransferFunctionScriptingTraits (0ms)
			SetupTypeCache (223ms)
			ReleaseScriptCaches (1ms)
			RebuildScriptCaches (37ms)
			SetupLoadedEditorAssemblies (199ms)
				LogAssemblyErrors (0ms)
				InitializePlatformSupportModulesInManaged (11ms)
				SetLoadedEditorAssemblies (0ms)
				RefreshPlugins (1ms)
				BeforeProcessingInitializeOnLoad (44ms)
				ProcessInitializeOnLoadAttributes (125ms)
				ProcessInitializeOnLoadMethodAttributes (17ms)
				AfterProcessingInitializeOnLoad (1ms)
				EditorAssembliesLoaded (0ms)
			ExecutionOrderSort2 (0ms)
			AwakeInstancesAfterBackupRestoration (2ms)
Platform modules already initialized, skipping
Refreshing native plugins compatible for Editor in 1.08 ms, found 2 plugins.
Preloading 0 native plugins for Editor in 0.00 ms.
Unloading 3376 Unused Serialized files (Serialized files now loaded: 0)
Unloading 19 unused Assets / (45.3 KB). Loaded Objects now: 3894.
Memory consumption went from 125.9 MB to 125.8 MB.
Total: 2.720583 ms (FindLiveObjects: 0.124459 ms CreateObjectMapping: 0.043666 ms MarkObjects: 2.505542 ms  DeleteObjects: 0.045958 ms)

AssetImportParameters requested are different than current active one (requested -> active):
  custom:video-decoder-ogg-theora: a1e56fd34408186e4bbccfd4996cb3dc -> 
  custom:container-muxer-webm: aa71ff27fc2769a1b78a27578f13a17b -> 
  custom:container-demuxer-webm: 4f35f7cbe854078d1ac9338744f61a02 -> 
  custom:video-encoder-webm-vp8: eb34c28f22e8b96e1ab97ce403110664 -> 
  custom:framework-osx-AVFoundation: e770b220cccbd017edd2c1fefb359320 -> 
  custom:audio-encoder-webm-vorbis: bf7c407c2cedff20999df2af8eb42d56 -> 
  custom:container-demuxer-ogg: 62fdf1f143b41e24485cea50d1cbac27 -> 
  custom:video-decoder-webm-vp8: 9c59270c3fd7afecdb556c50c9e8de78 -> 
  custom:audio-decoder-ogg-vorbis: bf7c407c2cedff20999df2af8eb42d56 -> 
========================================================================
Received Import Request.
  Time since last request: 338.185613 seconds.
  path: Assets/Prefabs/GameObject (prefabs).prefab
  artifactKey: Guid(9d3a58db412a44d4a90c7f6b16b39b57) Importer(815301076,1909f56bfc062723c751e8b465ee728b)
Start importing Assets/Prefabs/GameObject (prefabs).prefab using Guid(9d3a58db412a44d4a90c7f6b16b39b57) Importer(815301076,1909f56bfc062723c751e8b465ee728b)  -> (artifact id: '40209a4dfb366faf495cac8b566e71a2') in 0.061220 seconds 
========================================================================
Received Import Request.
  Time since last request: 1022.000577 seconds.
  path: Assets/Tree_Textures/diffuse.png
  artifactKey: Guid(fcd4541b5bb496443a75c99ea601e2da) Importer(815301076,1909f56bfc062723c751e8b465ee728b)
Start importing Assets/Tree_Textures/diffuse.png using Guid(fcd4541b5bb496443a75c99ea601e2da) Importer(815301076,1909f56bfc062723c751e8b465ee728b)  -> (artifact id: 'ecd0e77f8bbb24bf1207c207f34a5298') in 0.139900 seconds 
